<?xml version="1.0" encoding="UTF-8"?>
<!-- Generated by org.testng.reporters.JUnitReportReporter -->
<testsuite hostname="DESKTOP-VQJDNMF" failures="0" tests="2" name="Academy.HomePage" time="39.696" errors="0" timestamp="2022-07-19T13:41:53 IST" skipped="0">
  <testcase classname="Academy.HomePage" name="homePageNavigation" time="20.847"/>
  <system-out/>
  <testcase classname="Academy.HomePage" name="homePageNavigation" time="18.849"/>
  <system-out/>
</testsuite> <!-- Academy.HomePage -->
