<?xml version="1.0" encoding="UTF-8"?>
<!-- Generated by org.testng.reporters.JUnitReportReporter -->
<testsuite hostname="DESKTOP-VQJDNMF" failures="0" tests="1" name="Academy.ValidateTiltle" time="0.036" errors="0" timestamp="2022-07-11T16:39:05 IST" skipped="0">
  <testcase classname="Academy.ValidateTiltle" name="landingPageNavigation" time="0.036"/>
  <system-out/>
</testsuite> <!-- Academy.ValidateTiltle -->
