<?xml version="1.0" encoding="UTF-8"?>
<!-- Generated by org.testng.reporters.JUnitReportReporter -->
<testsuite hostname="DESKTOP-VQJDNMF" failures="0" tests="1" name="Academy.ValidateNavigationBar" time="0.047" errors="0" timestamp="2022-07-19T14:22:11 IST" skipped="0">
  <testcase classname="Academy.ValidateNavigationBar" name="validateAppNavBar" time="0.047"/>
  <system-out/>
</testsuite> <!-- Academy.ValidateNavigationBar -->
