<?xml version="1.0" encoding="UTF-8"?>
<!-- Generated by org.testng.reporters.JUnitReportReporter -->
<testsuite hostname="DESKTOP-VQJDNMF" failures="0" tests="2" name="Academy.HomePage" time="72.301" errors="0" timestamp="2022-07-19T14:22:11 IST" skipped="0">
  <testcase classname="Academy.HomePage" name="homePageNavigation" time="43.574"/>
  <system-out/>
  <testcase classname="Academy.HomePage" name="homePageNavigation" time="28.727"/>
  <system-out/>
</testsuite> <!-- Academy.HomePage -->
